<?xml version="1.0" encoding="UTF-8"?>
<!-- Generated by org.testng.reporters.JUnitReportReporter -->
<testsuite skipped="0" hostname="LAPTOP-476RHGT4" name="Testcase.LoginApplication" tests="1" failures="0" timestamp="2020-04-01T09:28:42 IST" time="7.749" errors="0">
  <testcase name="Login" time="7.749" classname="Testcase.LoginApplication"/>
</testsuite> <!-- Testcase.LoginApplication -->
