<?xml version="1.0" encoding="UTF-8"?>
<!-- Generated by org.testng.reporters.JUnitReportReporter -->
<testsuite skipped="0" hostname="LAPTOP-476RHGT4" name="Testcase.LoginApplication" tests="1" failures="0" timestamp="01 Apr 2020 03:59:34 GMT" time="8.186" errors="0">
  <testcase name="Login" time="8.186" classname="Testcase.LoginApplication"/>
</testsuite> <!-- Testcase.LoginApplication -->
